<?xml version="1.0" encoding="UTF-8"?>
<testng-results skipped="0" failed="0" ignored="0" total="4" passed="4">
  <reporter-output>
  </reporter-output>
  <suite name="Default suite" duration-ms="82719" started-at="2022-12-25T16:23:42 EET" finished-at="2022-12-25T16:25:04 EET">
    <groups>
      <group name="cucumber">
        <method signature="AbstractTestNGCucumberTests.runScenario(io.cucumber.testng.PickleWrapper, io.cucumber.testng.FeatureWrapper)[pri:0, instance:runner.TestRunner@50d0686]" name="runScenario" class="io.cucumber.testng.AbstractTestNGCucumberTests"/>
      </group> <!-- cucumber -->
    </groups>
    <test name="Default test" duration-ms="82719" started-at="2022-12-25T16:23:42 EET" finished-at="2022-12-25T16:25:04 EET">
      <class name="runner.TestRunner">
        <test-method status="PASS" signature="StartDriver()[pri:0, instance:runner.TestRunner@50d0686]" name="StartDriver" is-config="true" duration-ms="6013" started-at="2022-12-25T16:23:36 EET" finished-at="2022-12-25T16:23:42 EET">
          <reporter-output>
          </reporter-output>
        </test-method> <!-- StartDriver -->
        <test-method status="PASS" signature="setUpClass(org.testng.ITestContext)[pri:0, instance:runner.TestRunner@50d0686]" name="setUpClass" is-config="true" duration-ms="260" started-at="2022-12-25T16:23:42 EET" finished-at="2022-12-25T16:23:42 EET">
          <params>
            <param index="0">
              <value>
                <![CDATA[org.testng.TestRunner@85ab964]]>
              </value>
            </param>
          </params>
          <reporter-output>
          </reporter-output>
        </test-method> <!-- setUpClass -->
        <test-method status="PASS" signature="runScenario(io.cucumber.testng.PickleWrapper, io.cucumber.testng.FeatureWrapper)[pri:0, instance:runner.TestRunner@50d0686]" name="runScenario" duration-ms="8664" started-at="2022-12-25T16:23:42 EET" description="Runs Cucumber Scenarios" data-provider="scenarios" finished-at="2022-12-25T16:23:51 EET">
          <params>
            <param index="0">
              <value>
                <![CDATA["User Registration"]]>
              </value>
            </param>
            <param index="1">
              <value>
                <![CDATA["User Registration"]]>
              </value>
            </param>
          </params>
          <reporter-output>
          </reporter-output>
        </test-method> <!-- runScenario -->
        <test-method status="PASS" signature="runScenario(io.cucumber.testng.PickleWrapper, io.cucumber.testng.FeatureWrapper)[pri:0, instance:runner.TestRunner@50d0686]" name="runScenario" duration-ms="8494" started-at="2022-12-25T16:23:51 EET" description="Runs Cucumber Scenarios" data-provider="scenarios" finished-at="2022-12-25T16:23:59 EET">
          <params>
            <param index="0">
              <value>
                <![CDATA["User Registration"]]>
              </value>
            </param>
            <param index="1">
              <value>
                <![CDATA["User Registration"]]>
              </value>
            </param>
          </params>
          <reporter-output>
          </reporter-output>
        </test-method> <!-- runScenario -->
        <test-method status="PASS" signature="runScenario(io.cucumber.testng.PickleWrapper, io.cucumber.testng.FeatureWrapper)[pri:0, instance:runner.TestRunner@50d0686]" name="runScenario" duration-ms="10185" started-at="2022-12-25T16:23:59 EET" description="Runs Cucumber Scenarios" data-provider="scenarios" finished-at="2022-12-25T16:24:09 EET">
          <params>
            <param index="0">
              <value>
                <![CDATA["User LogIn"]]>
              </value>
            </param>
            <param index="1">
              <value>
                <![CDATA["User LogIn"]]>
              </value>
            </param>
          </params>
          <reporter-output>
          </reporter-output>
        </test-method> <!-- runScenario -->
        <test-method status="PASS" signature="runScenario(io.cucumber.testng.PickleWrapper, io.cucumber.testng.FeatureWrapper)[pri:0, instance:runner.TestRunner@50d0686]" name="runScenario" duration-ms="55057" started-at="2022-12-25T16:24:09 EET" description="Runs Cucumber Scenarios" data-provider="scenarios" finished-at="2022-12-25T16:25:04 EET">
          <params>
            <param index="0">
              <value>
                <![CDATA["create New Application"]]>
              </value>
            </param>
            <param index="1">
              <value>
                <![CDATA["User create New Application"]]>
              </value>
            </param>
          </params>
          <reporter-output>
          </reporter-output>
        </test-method> <!-- runScenario -->
        <test-method status="PASS" signature="tearDownClass()[pri:0, instance:runner.TestRunner@50d0686]" name="tearDownClass" is-config="true" duration-ms="36" started-at="2022-12-25T16:25:04 EET" finished-at="2022-12-25T16:25:04 EET">
          <reporter-output>
          </reporter-output>
        </test-method> <!-- tearDownClass -->
        <test-method status="PASS" signature="CloseURL()[pri:0, instance:runner.TestRunner@50d0686]" name="CloseURL" is-config="true" duration-ms="10573" started-at="2022-12-25T16:25:04 EET" finished-at="2022-12-25T16:25:15 EET">
          <reporter-output>
          </reporter-output>
        </test-method> <!-- CloseURL -->
      </class> <!-- runner.TestRunner -->
    </test> <!-- Default test -->
  </suite> <!-- Default suite -->
</testng-results>
